20:27:12 **** Auto Build of project application_cpu_1_bsp ****
make -k all 
"Running Make include in ps7_cortexa9_1/libsrc/axi3_metrics_counter_v1_0/src"
make -C ps7_cortexa9_1/libsrc/axi3_metrics_counter_v1_0/src -s include  "SHELL=CMD" "COMPILER=arm-xilinx-eabi-gcc" "ARCHIVER=arm-xilinx-eabi-ar" "COMPILER_FLAGS=  -O2 -c" "EXTRA_COMPILER_FLAGS=-g -DUSE_AMP=1"
"Running Make include in ps7_cortexa9_1/libsrc/cpu_cortexa9_v2_1/src"
make -C ps7_cortexa9_1/libsrc/cpu_cortexa9_v2_1/src -s include  "SHELL=CMD" "COMPILER=arm-xilinx-eabi-gcc" "ARCHIVER=arm-xilinx-eabi-ar" "COMPILER_FLAGS=  -O2 -c" "EXTRA_COMPILER_FLAGS=-g -DUSE_AMP=1"
"Running Make include in ps7_cortexa9_1/libsrc/devcfg_v3_2/src"
make -C ps7_cortexa9_1/libsrc/devcfg_v3_2/src -s include  "SHELL=CMD" "COMPILER=arm-xilinx-eabi-gcc" "ARCHIVER=arm-xilinx-eabi-ar" "COMPILER_FLAGS=  -O2 -c" "EXTRA_COMPILER_FLAGS=-g -DUSE_AMP=1"
"Running Make include in ps7_cortexa9_1/libsrc/dmaps_v2_1/src"
make -C ps7_cortexa9_1/libsrc/dmaps_v2_1/src -s include  "SHELL=CMD" "COMPILER=arm-xilinx-eabi-gcc" "ARCHIVER=arm-xilinx-eabi-ar" "COMPILER_FLAGS=  -O2 -c" "EXTRA_COMPILER_FLAGS=-g -DUSE_AMP=1"
"Running Make include in ps7_cortexa9_1/libsrc/gpiops_v2_2/src"
make -C ps7_cortexa9_1/libsrc/gpiops_v2_2/src -s include  "SHELL=CMD" "COMPILER=arm-xilinx-eabi-gcc" "ARCHIVER=arm-xilinx-eabi-ar" "COMPILER_FLAGS=  -O2 -c" "EXTRA_COMPILER_FLAGS=-g -DUSE_AMP=1"
"Running Make include in ps7_cortexa9_1/libsrc/hardware_accelerator_v1_0/src"
make -C ps7_cortexa9_1/libsrc/hardware_accelerator_v1_0/src -s include  "SHELL=CMD" "COMPILER=arm-xilinx-eabi-gcc" "ARCHIVER=arm-xilinx-eabi-ar" "COMPILER_FLAGS=  -O2 -c" "EXTRA_COMPILER_FLAGS=-g -DUSE_AMP=1"
"Running Make include in ps7_cortexa9_1/libsrc/qspips_v3_1/src"
make -C ps7_cortexa9_1/libsrc/qspips_v3_1/src -s include  "SHELL=CMD" "COMPILER=arm-xilinx-eabi-gcc" "ARCHIVER=arm-xilinx-eabi-ar" "COMPILER_FLAGS=  -O2 -c" "EXTRA_COMPILER_FLAGS=-g -DUSE_AMP=1"
"Running Make include in ps7_cortexa9_1/libsrc/scugic_v2_1/src"
make -C ps7_cortexa9_1/libsrc/scugic_v2_1/src -s include  "SHELL=CMD" "COMPILER=arm-xilinx-eabi-gcc" "ARCHIVER=arm-xilinx-eabi-ar" "COMPILER_FLAGS=  -O2 -c" "EXTRA_COMPILER_FLAGS=-g -DUSE_AMP=1"
"Running Make include in ps7_cortexa9_1/libsrc/scutimer_v2_0/src"
make -C ps7_cortexa9_1/libsrc/scutimer_v2_0/src -s include  "SHELL=CMD" "COMPILER=arm-xilinx-eabi-gcc" "ARCHIVER=arm-xilinx-eabi-ar" "COMPILER_FLAGS=  -O2 -c" "EXTRA_COMPILER_FLAGS=-g -DUSE_AMP=1"
"Running Make include in ps7_cortexa9_1/libsrc/scuwdt_v2_0/src"
make -C ps7_cortexa9_1/libsrc/scuwdt_v2_0/src -s include  "SHELL=CMD" "COMPILER=arm-xilinx-eabi-gcc" "ARCHIVER=arm-xilinx-eabi-ar" "COMPILER_FLAGS=  -O2 -c" "EXTRA_COMPILER_FLAGS=-g -DUSE_AMP=1"
"Running Make include in ps7_cortexa9_1/libsrc/sdps_v2_3/src"
make -C ps7_cortexa9_1/libsrc/sdps_v2_3/src -s include  "SHELL=CMD" "COMPILER=arm-xilinx-eabi-gcc" "ARCHIVER=arm-xilinx-eabi-ar" "COMPILER_FLAGS=  -O2 -c" "EXTRA_COMPILER_FLAGS=-g -DUSE_AMP=1"
"Running Make include in ps7_cortexa9_1/libsrc/standalone_v4_2/src"
make -C ps7_cortexa9_1/libsrc/standalone_v4_2/src -s include  "SHELL=CMD" "COMPILER=arm-xilinx-eabi-gcc" "ARCHIVER=arm-xilinx-eabi-ar" "COMPILER_FLAGS=  -O2 -c" "EXTRA_COMPILER_FLAGS=-g -DUSE_AMP=1"
"Running Make include in ps7_cortexa9_1/libsrc/ttcps_v2_0/src"
make -C ps7_cortexa9_1/libsrc/ttcps_v2_0/src -s include  "SHELL=CMD" "COMPILER=arm-xilinx-eabi-gcc" "ARCHIVER=arm-xilinx-eabi-ar" "COMPILER_FLAGS=  -O2 -c" "EXTRA_COMPILER_FLAGS=-g -DUSE_AMP=1"
"Running Make include in ps7_cortexa9_1/libsrc/uartps_v2_2/src"
make -C ps7_cortexa9_1/libsrc/uartps_v2_2/src -s include  "SHELL=CMD" "COMPILER=arm-xilinx-eabi-gcc" "ARCHIVER=arm-xilinx-eabi-ar" "COMPILER_FLAGS=  -O2 -c" "EXTRA_COMPILER_FLAGS=-g -DUSE_AMP=1"
"Running Make include in ps7_cortexa9_1/libsrc/xadcps_v2_1/src"
make -C ps7_cortexa9_1/libsrc/xadcps_v2_1/src -s include  "SHELL=CMD" "COMPILER=arm-xilinx-eabi-gcc" "ARCHIVER=arm-xilinx-eabi-ar" "COMPILER_FLAGS=  -O2 -c" "EXTRA_COMPILER_FLAGS=-g -DUSE_AMP=1"
"Running Make libs in ps7_cortexa9_1/libsrc/axi3_metrics_counter_v1_0/src"
make -C ps7_cortexa9_1/libsrc/axi3_metrics_counter_v1_0/src -s libs  "SHELL=CMD" "COMPILER=arm-xilinx-eabi-gcc" "ARCHIVER=arm-xilinx-eabi-ar" "COMPILER_FLAGS=  -O2 -c" "EXTRA_COMPILER_FLAGS=-g -DUSE_AMP=1"
"Compiling axi3_metrics_counter..."
"Running Make libs in ps7_cortexa9_1/libsrc/cpu_cortexa9_v2_1/src"
make -C ps7_cortexa9_1/libsrc/cpu_cortexa9_v2_1/src -s libs  "SHELL=CMD" "COMPILER=arm-xilinx-eabi-gcc" "ARCHIVER=arm-xilinx-eabi-ar" "COMPILER_FLAGS=  -O2 -c" "EXTRA_COMPILER_FLAGS=-g -DUSE_AMP=1"
"Compiling cpu_cortexa9"
"Running Make libs in ps7_cortexa9_1/libsrc/devcfg_v3_2/src"
make -C ps7_cortexa9_1/libsrc/devcfg_v3_2/src -s libs  "SHELL=CMD" "COMPILER=arm-xilinx-eabi-gcc" "ARCHIVER=arm-xilinx-eabi-ar" "COMPILER_FLAGS=  -O2 -c" "EXTRA_COMPILER_FLAGS=-g -DUSE_AMP=1"
"Compiling devcfg"
"Running Make libs in ps7_cortexa9_1/libsrc/dmaps_v2_1/src"
make -C ps7_cortexa9_1/libsrc/dmaps_v2_1/src -s libs  "SHELL=CMD" "COMPILER=arm-xilinx-eabi-gcc" "ARCHIVER=arm-xilinx-eabi-ar" "COMPILER_FLAGS=  -O2 -c" "EXTRA_COMPILER_FLAGS=-g -DUSE_AMP=1"
"Compiling dmaps"
"Running Make libs in ps7_cortexa9_1/libsrc/gpiops_v2_2/src"
make -C ps7_cortexa9_1/libsrc/gpiops_v2_2/src -s libs  "SHELL=CMD" "COMPILER=arm-xilinx-eabi-gcc" "ARCHIVER=arm-xilinx-eabi-ar" "COMPILER_FLAGS=  -O2 -c" "EXTRA_COMPILER_FLAGS=-g -DUSE_AMP=1"
"Compiling gpiops"
"Running Make libs in ps7_cortexa9_1/libsrc/hardware_accelerator_v1_0/src"
make -C ps7_cortexa9_1/libsrc/hardware_accelerator_v1_0/src -s libs  "SHELL=CMD" "COMPILER=arm-xilinx-eabi-gcc" "ARCHIVER=arm-xilinx-eabi-ar" "COMPILER_FLAGS=  -O2 -c" "EXTRA_COMPILER_FLAGS=-g -DUSE_AMP=1"
"Compiling hardware_accelerator..."
"Running Make libs in ps7_cortexa9_1/libsrc/qspips_v3_1/src"
make -C ps7_cortexa9_1/libsrc/qspips_v3_1/src -s libs  "SHELL=CMD" "COMPILER=arm-xilinx-eabi-gcc" "ARCHIVER=arm-xilinx-eabi-ar" "COMPILER_FLAGS=  -O2 -c" "EXTRA_COMPILER_FLAGS=-g -DUSE_AMP=1"
"Compiling qspips"
"Running Make libs in ps7_cortexa9_1/libsrc/scugic_v2_1/src"
make -C ps7_cortexa9_1/libsrc/scugic_v2_1/src -s libs  "SHELL=CMD" "COMPILER=arm-xilinx-eabi-gcc" "ARCHIVER=arm-xilinx-eabi-ar" "COMPILER_FLAGS=  -O2 -c" "EXTRA_COMPILER_FLAGS=-g -DUSE_AMP=1"
"Compiling scugic"
xscugic.c: In function 'DistInit':
xscugic.c:121:3: warning: #warning "Building GIC for AMP" [-Wcpp]
  #warning "Building GIC for AMP"
   ^
xscugic_hw.c: In function 'DistInit':
xscugic_hw.c:114:3: warning: #warning "Building GIC for AMP" [-Wcpp]
  #warning "Building GIC for AMP"
   ^
"Running Make libs in ps7_cortexa9_1/libsrc/scutimer_v2_0/src"
make -C ps7_cortexa9_1/libsrc/scutimer_v2_0/src -s libs  "SHELL=CMD" "COMPILER=arm-xilinx-eabi-gcc" "ARCHIVER=arm-xilinx-eabi-ar" "COMPILER_FLAGS=  -O2 -c" "EXTRA_COMPILER_FLAGS=-g -DUSE_AMP=1"
"Compiling scutimer"
"Running Make libs in ps7_cortexa9_1/libsrc/scuwdt_v2_0/src"
make -C ps7_cortexa9_1/libsrc/scuwdt_v2_0/src -s libs  "SHELL=CMD" "COMPILER=arm-xilinx-eabi-gcc" "ARCHIVER=arm-xilinx-eabi-ar" "COMPILER_FLAGS=  -O2 -c" "EXTRA_COMPILER_FLAGS=-g -DUSE_AMP=1"
"Compiling scuwdt"
"Running Make libs in ps7_cortexa9_1/libsrc/sdps_v2_3/src"
make -C ps7_cortexa9_1/libsrc/sdps_v2_3/src -s libs  "SHELL=CMD" "COMPILER=arm-xilinx-eabi-gcc" "ARCHIVER=arm-xilinx-eabi-ar" "COMPILER_FLAGS=  -O2 -c" "EXTRA_COMPILER_FLAGS=-g -DUSE_AMP=1"
"Compiling sdps"
"Running Make libs in ps7_cortexa9_1/libsrc/standalone_v4_2/src"
make -C ps7_cortexa9_1/libsrc/standalone_v4_2/src -s libs  "SHELL=CMD" "COMPILER=arm-xilinx-eabi-gcc" "ARCHIVER=arm-xilinx-eabi-ar" "COMPILER_FLAGS=  -O2 -c" "EXTRA_COMPILER_FLAGS=-g -DUSE_AMP=1"
"Compiling standalone"
"Running Make libs in ps7_cortexa9_1/libsrc/ttcps_v2_0/src"
make -C ps7_cortexa9_1/libsrc/ttcps_v2_0/src -s libs  "SHELL=CMD" "COMPILER=arm-xilinx-eabi-gcc" "ARCHIVER=arm-xilinx-eabi-ar" "COMPILER_FLAGS=  -O2 -c" "EXTRA_COMPILER_FLAGS=-g -DUSE_AMP=1"
"Compiling ttcps"
"Running Make libs in ps7_cortexa9_1/libsrc/uartps_v2_2/src"
make -C ps7_cortexa9_1/libsrc/uartps_v2_2/src -s libs  "SHELL=CMD" "COMPILER=arm-xilinx-eabi-gcc" "ARCHIVER=arm-xilinx-eabi-ar" "COMPILER_FLAGS=  -O2 -c" "EXTRA_COMPILER_FLAGS=-g -DUSE_AMP=1"
"Compiling uartps"
"Running Make libs in ps7_cortexa9_1/libsrc/xadcps_v2_1/src"
make -C ps7_cortexa9_1/libsrc/xadcps_v2_1/src -s libs  "SHELL=CMD" "COMPILER=arm-xilinx-eabi-gcc" "ARCHIVER=arm-xilinx-eabi-ar" "COMPILER_FLAGS=  -O2 -c" "EXTRA_COMPILER_FLAGS=-g -DUSE_AMP=1"
"Compiling xadcps"
'Finished building libraries'

20:27:36 Build Finished (took 24s.377ms)

