INFO: [Common 17-701] A license check has taken more than 10 seconds to complete. This may indicate that there is a performance issue with one or more license servers listed in XILINXD_LICENSE_FILE or LM_LICENSE_FILE, or that the license servers are just not responding at all. Try setting the FLEXLM_DIAGNOSTICS environment variable to 3 and running Vivado again to get more information.
#-----------------------------------------------------------
# Webtalk v2014.4 (64-bit)
# SW Build 1071353 on Tue Nov 18 17:18:21 MST 2014
# 
# Start of session at: Sun Aug 16 21:25:04 2015
# Process ID: 6396
# Log file: C:/rp/zynq_com/vivado/pspl_port_performance_final_0/pspl_port_performance_final_0.sdk/webtalk/webtalk.log
# Journal file: C:/rp/zynq_com/vivado/pspl_port_performance_final_0/pspl_port_performance_final_0.sdk/webtalk\webtalk.jou
#-----------------------------------------------------------
WARNING: [Common 17-204] Your XILINX environment variable is undefined. You will not be able to run Synthesis and Implementation using ISE based strategies, or import ngc netlists. Please set up your XILINX environment to get full functionality.
source sdk_webtalk.tcl
# webtalk_init -webtalk_dir C:\\rp\\zynq_com\\vivado\\pspl_port_performance_final_0\\pspl_port_performance_final_0.sdk\\webtalk
# webtalk_register_client -client project
# webtalk_add_data -client project -key date_generated -value "Sun Aug 16 21:23:56 2015" -context "software_version_and_target_device"
# webtalk_add_data -client project -key product_version -value "SDK v2014.4" -context "software_version_and_target_device"
# webtalk_add_data -client project -key build_version -value "2014.4" -context "software_version_and_target_device"
# webtalk_add_data -client project -key os_platform -value "amd64" -context "software_version_and_target_device"
# webtalk_add_data -client project -key registration_id -value "174393175_174132533_210608436_109" -context "software_version_and_target_device"
# webtalk_add_data -client project -key tool_flow -value "SDK" -context "software_version_and_target_device"
# webtalk_add_data -client project -key beta -value "false" -context "software_version_and_target_device"
# webtalk_add_data -client project -key route_design -value "NA" -context "software_version_and_target_device"
# webtalk_add_data -client project -key target_family -value "NA" -context "software_version_and_target_device"
# webtalk_add_data -client project -key target_device -value "NA" -context "software_version_and_target_device"
# webtalk_add_data -client project -key target_package -value "NA" -context "software_version_and_target_device"
# webtalk_add_data -client project -key target_speed -value "NA" -context "software_version_and_target_device"
# webtalk_add_data -client project -key random_id -value "m1pil09bb1eopgd3tlgrvdr7u1" -context "software_version_and_target_device"
# webtalk_add_data -client project -key project_id -value "2014.4_9" -context "software_version_and_target_device"
# webtalk_add_data -client project -key project_iteration -value "9" -context "software_version_and_target_device"
# webtalk_add_data -client project -key os_name -value "Microsoft Windows 8 or later , 64-bit" -context "user_environment"
# webtalk_add_data -client project -key os_release -value "major release  (build 9200)" -context "user_environment"
# webtalk_add_data -client project -key cpu_name -value "Intel(R) Core(TM) i5-3230M CPU @ 2.60GHz" -context "user_environment"
# webtalk_add_data -client project -key cpu_speed -value "2594 MHz" -context "user_environment"
# webtalk_add_data -client project -key total_processors -value "1" -context "user_environment"
# webtalk_add_data -client project -key system_ram -value "6.000 GB" -context "user_environment"
# webtalk_register_client -client sdk
# webtalk_add_data -client sdk -key uid -value "1439398540128" -context "sdk\\\\bsp/1439398540128"
# webtalk_add_data -client sdk -key hwid -value "1435880296317" -context "sdk\\\\bsp/1439398540128"
# webtalk_add_data -client sdk -key os -value "standalone" -context "sdk\\\\bsp/1439398540128"
# webtalk_add_data -client sdk -key apptemplate -value "empty_application" -context "sdk\\\\bsp/1439398540128"
# webtalk_add_data -client sdk -key uid -value "1439398552427" -context "sdk\\\\application/1439398552427"
# webtalk_add_data -client sdk -key hwid -value "1435880296317" -context "sdk\\\\application/1439398552427"
# webtalk_add_data -client sdk -key bspid -value "1439398540128" -context "sdk\\\\application/1439398552427"
# webtalk_add_data -client sdk -key newbsp -value "true" -context "sdk\\\\application/1439398552427"
# webtalk_add_data -client sdk -key os -value "standalone" -context "sdk\\\\application/1439398552427"
# webtalk_add_data -client sdk -key apptemplate -value "empty_application" -context "sdk\\\\application/1439398552427"
# webtalk_transmit -clientid 4285562077 -regid "174393175_174132533_210608436_109" -xml C:\\rp\\zynq_com\\vivado\\pspl_port_performance_final_0\\pspl_port_performance_final_0.sdk\\webtalk\\usage_statistics_ext_sdk.xml -html C:\\rp\\zynq_com\\vivado\\pspl_port_performance_final_0\\pspl_port_performance_final_0.sdk\\webtalk\\usage_statistics_ext_sdk.html -wdm C:\\rp\\zynq_com\\vivado\\pspl_port_performance_final_0\\pspl_port_performance_final_0.sdk\\webtalk\\sdk_webtalk.wdm -intro "<H3>SDK Usage Report</H3><BR>"
INFO: [Common 17-186] 'C:\rp\zynq_com\vivado\pspl_port_performance_final_0\pspl_port_performance_final_0.sdk\webtalk\usage_statistics_ext_sdk.xml' has been successfully sent to Xilinx on Sun Aug 16 21:25:34 2015. For additional details about this file, please refer to the WebTalk help file at /doc/webtalk_introduction.html.
webtalk_transmit: Time (s): cpu = 00:00:00 ; elapsed = 00:00:08 . Memory (MB): peak = 54.523 ; gain = 0.004
# webtalk_terminate
INFO: [Common 17-206] Exiting Webtalk at Sun Aug 16 21:25:34 2015...
